{
  "uid" : "4b4757e66a1912dae1a509f688f20b0f",
  "children" : [ {
    "name" : "Test defects",
    "children" : [ {
      "name" : "selenium.common.exceptions.WebDriverException: Message: unknown error: Chrome failed to start: exited abnormally.\n  (unknown error: DevToolsActivePort file doesn't exist)\n  (The process started from chrome location /usr/bin/google-chrome is no longer running, so ChromeDriver is assuming that Chrome has crashed.)",
      "children" : [ {
        "name" : "test_blog_change",
        "uid" : "1cdfe41554b0fb",
        "parentUid" : "e4a7d37349393b5a9e33d7e741170037",
        "status" : "broken",
        "time" : {
          "start" : 1629046576833,
          "stop" : 1629046579761,
          "duration" : 2928
        },
        "flaky" : false,
        "newFailed" : false,
        "parameters" : [ ]
      }, {
        "name" : "test_delete_blog",
        "uid" : "c1890f9111a495fc",
        "parentUid" : "e4a7d37349393b5a9e33d7e741170037",
        "status" : "broken",
        "time" : {
          "start" : 1629046579826,
          "stop" : 1629046580084,
          "duration" : 258
        },
        "flaky" : false,
        "newFailed" : false,
        "parameters" : [ ]
      }, {
        "name" : "test_delete_blog",
        "uid" : "385c404eb2c33d1a",
        "parentUid" : "e4a7d37349393b5a9e33d7e741170037",
        "status" : "broken",
        "time" : {
          "start" : 1629046580119,
          "stop" : 1629046580312,
          "duration" : 193
        },
        "flaky" : false,
        "newFailed" : false,
        "parameters" : [ ]
      }, {
        "name" : "test_login",
        "uid" : "d661ee3d1f1e73a5",
        "parentUid" : "e4a7d37349393b5a9e33d7e741170037",
        "status" : "broken",
        "time" : {
          "start" : 1629046584194,
          "stop" : 1629046585373,
          "duration" : 1179
        },
        "flaky" : false,
        "newFailed" : false,
        "parameters" : [ ]
      } ],
      "uid" : "e4a7d37349393b5a9e33d7e741170037"
    }, {
      "name" : "selenium.common.exceptions.NoSuchElementException: Message: no such element: Unable to locate element: {\"method\":\"xpath\",\"selector\":\"//*[@id=\"app\"]/div/div/div/div/form/fieldset[1]/input\"}\n  (Session info: headless chrome=92.0.4515.131)",
      "children" : [ {
        "name" : "test_new_posts",
        "uid" : "56d8cfe64d503c30",
        "parentUid" : "40ec9bf82b0c211e6776e41c8fb25d37",
        "status" : "broken",
        "time" : {
          "start" : 1629046580345,
          "stop" : 1629046584162,
          "duration" : 3817
        },
        "flaky" : false,
        "newFailed" : false,
        "parameters" : [ ]
      } ],
      "uid" : "40ec9bf82b0c211e6776e41c8fb25d37"
    } ],
    "uid" : "bdbf199525818fae7a8651db9eafe741"
  } ],
  "name" : "categories"
}