{
  "uid" : "625ec4497d55d4d3",
  "name" : "test_login",
  "fullName" : "pytests.test_sign_up#test_login",
  "historyId" : "bc208addcb73500469b8377e7644e399",
  "time" : {
    "start" : 1629061439560,
    "stop" : 1629061445109,
    "duration" : 5549
  },
  "status" : "passed",
  "flaky" : false,
  "newFailed" : false,
  "beforeStages" : [ ],
  "testStage" : {
    "status" : "passed",
    "steps" : [ ],
    "attachments" : [ {
      "uid" : "d95a0ce4b1391f4e",
      "name" : "log",
      "source" : "d95a0ce4b1391f4e.txt",
      "type" : "text/plain",
      "size" : 344
    }, {
      "uid" : "327dd1b960c4faaa",
      "name" : "stderr",
      "source" : "327dd1b960c4faaa.txt",
      "type" : "text/plain",
      "size" : 215
    } ],
    "parameters" : [ ],
    "stepsCount" : 0,
    "attachmentsCount" : 2,
    "shouldDisplayMessage" : false,
    "hasContent" : true
  },
  "afterStages" : [ ],
  "labels" : [ {
    "name" : "parentSuite",
    "value" : "pytests"
  }, {
    "name" : "suite",
    "value" : "test_sign_up"
  }, {
    "name" : "host",
    "value" : "fv-az72-270"
  }, {
    "name" : "thread",
    "value" : "3772-MainThread"
  }, {
    "name" : "framework",
    "value" : "pytest"
  }, {
    "name" : "language",
    "value" : "cpython3"
  }, {
    "name" : "package",
    "value" : "pytests.test_sign_up"
  }, {
    "name" : "resultFormat",
    "value" : "allure2"
  } ],
  "parameters" : [ ],
  "links" : [ ],
  "hidden" : false,
  "retry" : false,
  "extra" : {
    "severity" : "normal",
    "retries" : [ ],
    "categories" : [ ],
    "history" : {
      "statistic" : {
        "failed" : 0,
        "broken" : 6,
        "skipped" : 0,
        "passed" : 5,
        "unknown" : 0,
        "total" : 11
      },
      "items" : [ {
        "uid" : "efc975f07421f088",
        "reportUrl" : "https://Mirkics.github.io/conduit/29//#testresult/efc975f07421f088",
        "status" : "passed",
        "time" : {
          "start" : 1629060820766,
          "stop" : 1629060827353,
          "duration" : 6587
        }
      }, {
        "uid" : "d58c5944003631f4",
        "reportUrl" : "https://Mirkics.github.io/conduit/28//#testresult/d58c5944003631f4",
        "status" : "passed",
        "time" : {
          "start" : 1629060549845,
          "stop" : 1629060556450,
          "duration" : 6605
        }
      }, {
        "uid" : "bf01b443b942974e",
        "reportUrl" : "https://Mirkics.github.io/conduit/27//#testresult/bf01b443b942974e",
        "status" : "passed",
        "time" : {
          "start" : 1629060420919,
          "stop" : 1629060427490,
          "duration" : 6571
        }
      }, {
        "uid" : "115415fde0098cb3",
        "reportUrl" : "https://Mirkics.github.io/conduit/26//#testresult/115415fde0098cb3",
        "status" : "passed",
        "time" : {
          "start" : 1629060304129,
          "stop" : 1629060309693,
          "duration" : 5564
        }
      }, {
        "uid" : "80e1f7983e733a17",
        "reportUrl" : "https://Mirkics.github.io/conduit/25//#testresult/80e1f7983e733a17",
        "status" : "broken",
        "statusDetails" : "selenium.common.exceptions.WebDriverException: Message: unknown error: Chrome failed to start: exited abnormally.\n  (unknown error: DevToolsActivePort file doesn't exist)\n  (The process started from chrome location /usr/bin/google-chrome is no longer running, so ChromeDriver is assuming that Chrome has crashed.)",
        "time" : {
          "start" : 1629059825016,
          "stop" : 1629059825200,
          "duration" : 184
        }
      }, {
        "uid" : "18cc75b9bc36ecc5",
        "reportUrl" : "https://Mirkics.github.io/conduit/24//#testresult/18cc75b9bc36ecc5",
        "status" : "broken",
        "statusDetails" : "selenium.common.exceptions.WebDriverException: Message: unknown error: Chrome failed to start: exited abnormally.\n  (unknown error: DevToolsActivePort file doesn't exist)\n  (The process started from chrome location /usr/bin/google-chrome is no longer running, so ChromeDriver is assuming that Chrome has crashed.)",
        "time" : {
          "start" : 1629056665937,
          "stop" : 1629056667117,
          "duration" : 1180
        }
      }, {
        "uid" : "3b82cd4306a68c8c",
        "reportUrl" : "https://Mirkics.github.io/conduit/23//#testresult/3b82cd4306a68c8c",
        "status" : "broken",
        "statusDetails" : "selenium.common.exceptions.WebDriverException: Message: unknown error: Chrome failed to start: exited abnormally.\n  (unknown error: DevToolsActivePort file doesn't exist)\n  (The process started from chrome location /usr/bin/google-chrome is no longer running, so ChromeDriver is assuming that Chrome has crashed.)",
        "time" : {
          "start" : 1629055408925,
          "stop" : 1629055409124,
          "duration" : 199
        }
      }, {
        "uid" : "a1387ca8ed9f13",
        "reportUrl" : "https://Mirkics.github.io/conduit/22//#testresult/a1387ca8ed9f13",
        "status" : "broken",
        "statusDetails" : "selenium.common.exceptions.WebDriverException: Message: unknown error: Chrome failed to start: exited abnormally.\n  (unknown error: DevToolsActivePort file doesn't exist)\n  (The process started from chrome location /usr/bin/google-chrome is no longer running, so ChromeDriver is assuming that Chrome has crashed.)",
        "time" : {
          "start" : 1629046732854,
          "stop" : 1629046734033,
          "duration" : 1179
        }
      }, {
        "uid" : "d661ee3d1f1e73a5",
        "reportUrl" : "https://Mirkics.github.io/conduit/21//#testresult/d661ee3d1f1e73a5",
        "status" : "broken",
        "statusDetails" : "selenium.common.exceptions.WebDriverException: Message: unknown error: Chrome failed to start: exited abnormally.\n  (unknown error: DevToolsActivePort file doesn't exist)\n  (The process started from chrome location /usr/bin/google-chrome is no longer running, so ChromeDriver is assuming that Chrome has crashed.)",
        "time" : {
          "start" : 1629046584194,
          "stop" : 1629046585373,
          "duration" : 1179
        }
      }, {
        "uid" : "bad1e62bf0788d7b",
        "reportUrl" : "https://Mirkics.github.io/conduit/20//#testresult/bad1e62bf0788d7b",
        "status" : "broken",
        "statusDetails" : "selenium.common.exceptions.WebDriverException: Message: unknown error: Chrome failed to start: exited abnormally.\n  (unknown error: DevToolsActivePort file doesn't exist)\n  (The process started from chrome location /usr/bin/google-chrome is no longer running, so ChromeDriver is assuming that Chrome has crashed.)",
        "time" : {
          "start" : 1629042924544,
          "stop" : 1629042925711,
          "duration" : 1167
        }
      } ]
    },
    "tags" : [ ]
  },
  "source" : "625ec4497d55d4d3.json",
  "parameterValues" : [ ]
}